  autofit.c
  ftbase.c
  ftbbox.c
  ftbdf.c
  ftbitmap.c
  ftcid.c
  ftfstype.c
  ftgasp.c
  ftglyph.c
  ftgxval.c
  ftinit.c
  ftmm.c
C:\Users\admin\Desktop\freetype\src\autofit\afscript.h(1,1): warning C4819: 该文件包含不能在当前代码页(936)中表示的字符。请将该文件保存为 Unicode 格式以防止数据丢失 (编译源文件 ..\..\..\src\autofit\autofit.c)
C:\Users\admin\Desktop\freetype\src\autofit\afblue.c(1,1): warning C4819: 该文件包含不能在当前代码页(936)中表示的字符。请将该文件保存为 Unicode 格式以防止数据丢失 (编译源文件 ..\..\..\src\autofit\autofit.c)
C:\Users\admin\Desktop\freetype\src\autofit\afblue.c(257,1): warning C4819: 该文件包含不能在当前代码页(936)中表示的字符。请将该文件保存为 Unicode 格式以防止数据丢失 (编译源文件 ..\..\..\src\autofit\autofit.c)
C:\Users\admin\Desktop\freetype\src\autofit\afscript.h(1,1): warning C4819: 该文件包含不能在当前代码页(936)中表示的字符。请将该文件保存为 Unicode 格式以防止数据丢失 (编译源文件 ..\..\..\src\autofit\autofit.c)
C:\Users\admin\Desktop\freetype\src\autofit\afscript.h(1,1): warning C4819: 该文件包含不能在当前代码页(936)中表示的字符。请将该文件保存为 Unicode 格式以防止数据丢失 (编译源文件 ..\..\..\src\autofit\autofit.c)
C:\Users\admin\Desktop\freetype\src\autofit\afscript.h(1,1): warning C4819: 该文件包含不能在当前代码页(936)中表示的字符。请将该文件保存为 Unicode 格式以防止数据丢失 (编译源文件 ..\..\..\src\autofit\autofit.c)
C:\Users\admin\Desktop\freetype\src\autofit\afscript.h(1,1): warning C4819: 该文件包含不能在当前代码页(936)中表示的字符。请将该文件保存为 Unicode 格式以防止数据丢失 (编译源文件 ..\..\..\src\autofit\autofit.c)
C:\Users\admin\Desktop\freetype\src\autofit\afscript.h(1,1): warning C4819: 该文件包含不能在当前代码页(936)中表示的字符。请将该文件保存为 Unicode 格式以防止数据丢失 (编译源文件 ..\..\..\src\autofit\autofit.c)
  ftotval.c
  ftpatent.c
  ftpfr.c
  ftstroke.c
  ftsynth.c
  ftsystem.c
  fttype1.c
  ftwinfnt.c
  bdf.c
  ftcache.c
  cff.c
  type1cid.c
  ftgzip.c
  ftlzw.c
  pcf.c
  pfr.c
  psaux.c
  pshinter.c
C:\Users\admin\Desktop\freetype\src\base\ftstroke.c(1021): warning C4701: 使用了可能未初始化的局部变量“sigma”
  psmodule.c
  raster.c
C:\Users\admin\Desktop\freetype\src\base\ftstroke.c(1116): warning C4701: 使用了可能未初始化的局部变量“sigma”
  sfnt.c
  smooth.c
  truetype.c
  type1.c
  type42.c
  winfnt.c
C:\Users\admin\Desktop\freetype\src\sfnt\sfwoff2.c(317,37): warning C4100: “src_size”: 未引用的形参 (编译源文件 ..\..\..\src\sfnt\sfnt.c)
C:\Users\admin\Desktop\freetype\src\sfnt\sfwoff2.c(316,37): warning C4100: “src”: 未引用的形参 (编译源文件 ..\..\..\src\sfnt\sfnt.c)
C:\Users\admin\Desktop\freetype\src\sfnt\sfwoff2.c(315,37): warning C4100: “dst_size”: 未引用的形参 (编译源文件 ..\..\..\src\sfnt\sfnt.c)
C:\Users\admin\Desktop\freetype\src\sfnt\sfwoff2.c(314,37): warning C4100: “dst”: 未引用的形参 (编译源文件 ..\..\..\src\sfnt\sfnt.c)
C:\Users\admin\Desktop\freetype\src\smooth\ftgrays.c(533): warning C4706: 条件表达式内的赋值
C:\Users\admin\Desktop\freetype\src\sfnt\ttload.c(1,1): warning C4819: 该文件包含不能在当前代码页(936)中表示的字符。请将该文件保存为 Unicode 格式以防止数据丢失 (编译源文件 ..\..\..\src\sfnt\sfnt.c)
C:\Users\admin\Desktop\freetype\src\truetype\ttobjs.c(1025,1): warning C4819: 该文件包含不能在当前代码页(936)中表示的字符。请将该文件保存为 Unicode 格式以防止数据丢失 (编译源文件 ..\..\..\src\truetype\truetype.c)
C:\Users\admin\Desktop\freetype\src\truetype\ttgxvar.c(2237): warning C4701: 使用了可能未初始化的局部变量“fvar_head”
  ftdebug.c
    正在创建库 ..\..\..\objs\Win32\Debug\freetype.lib 和对象 ..\..\..\objs\Win32\Debug\freetype.exp
  freetype.vcxproj -> C:\Users\admin\Desktop\freetype\objs\Win32\Debug\freetype.dll
